<?xml version="1.0" encoding="UTF-8"?>
<!-- Generated by org.testng.reporters.JUnitReportReporter -->
<testsuite hostname="PUNITP164011L" failures="0" tests="2" name="test.day1" time="0.015" errors="0" timestamp="2022-04-09T20:59:39 IST" skipped="0">
  <testcase classname="test.day1" name="demo1" time="0.011"/>
  <system-out/>
  <testcase classname="test.day1" name="demo2" time="0.004"/>
  <system-out/>
</testsuite> <!-- test.day1 -->
