<?xml version="1.0" encoding="UTF-8"?>
<!-- Generated by org.testng.reporters.JUnitReportReporter -->
<testsuite hostname="PUNITP164011L" failures="0" tests="1" name="datadriven.ExcelDriven" time="2.673" errors="0" timestamp="2022-05-12T05:37:03 IST" skipped="0">
  <testcase classname="datadriven.ExcelDriven" name="addBook" time="2.673"/>
  <system-out/>
</testsuite> <!-- datadriven.ExcelDriven -->
