<?xml version="1.0" encoding="UTF-8"?>
<!-- Generated by org.testng.reporters.JUnitReportReporter -->
<testsuite hostname="PUNITP164011L" failures="0" tests="6" name="test.day4" time="0.021" errors="0" timestamp="2022-04-09T20:59:39 IST" skipped="1">
  <testcase classname="test.day4" name="apiLoginHomeLoan" time="0.002"/>
  <system-out/>
  <testcase classname="test.day4" name="mobileLoginHomeLoan" time="0.005"/>
  <system-out/>
  <testcase classname="test.day4" name="apiLogoutHomeLoan" time="0.002"/>
  <system-out/>
  <testcase classname="test.day4" name="apiLogoutHomeLoan" time="0.010"/>
  <system-out/>
  <testcase classname="test.day4" name="apiLogoutHomeLoan" time="0.002"/>
  <system-out/>
  <testcase classname="test.day4" name="webLoginHomeLoan">
    <skipped/>
  </testcase> <!-- webLoginHomeLoan -->
  <system-out/>
</testsuite> <!-- test.day4 -->
