<?xml version="1.0" encoding="UTF-8"?>
<!-- Generated by org.testng.reporters.JUnitReportReporter -->
<testsuite hostname="PUNITP164011L" failures="0" tests="1" name="test.day2" time="0.015" errors="0" timestamp="2022-04-09T20:59:39 IST" skipped="0">
  <testcase classname="test.day2" name="demo1" time="0.015"/>
  <system-out/>
</testsuite> <!-- test.day2 -->
