<?xml version="1.0" encoding="UTF-8"?>
<!-- Generated by org.testng.reporters.JUnitReportReporter -->
<testsuite hostname="PUNITP164011L" failures="0" tests="2" name="test.Intro" time="0.015" errors="0" timestamp="2022-04-09T16:23:22 IST" skipped="0">
  <testcase classname="test.Intro" name="demo2" time="0.002"/>
  <system-out/>
  <testcase classname="test.Intro" name="demo1" time="0.013"/>
  <system-out/>
</testsuite> <!-- test.Intro -->
