<?xml version="1.0" encoding="UTF-8"?>
<!-- Generated by org.testng.reporters.JUnitReportReporter -->
<testsuite hostname="PUNITP164011L" failures="0" tests="4" name="test.day3" time="0.022" errors="0" timestamp="2022-04-09T20:59:39 IST" skipped="0">
  <testcase classname="test.day3" name="webLoginCarLoan" time="0.002"/>
  <system-out/>
  <testcase classname="test.day3" name="mobileLogoutCarLoan" time="0.004"/>
  <system-out/>
  <testcase classname="test.day3" name="apiLoginCarLoan" time="0.003"/>
  <system-out/>
  <testcase classname="test.day3" name="mobileLoginCarLoan" time="0.013"/>
  <system-out/>
</testsuite> <!-- test.day3 -->
